19/02/2024: [DefaultLogger] [Warning]: Debug!! 
19/02/2024: [DefaultLogger] [Warning]: Debug!! 
19/02/2024: [DefaultLogger] [Warning]: Debug!! 
19/02/2024: [DefaultLogger] [Warning]: Debug!! 
19/02/2024: [DefaultLogger] [Warning]: Debug!! 
19/02/2024: [DefaultLogger] [Warning]: Debug!! 
19/02/2024: [DefaultLogger] [Critical]: Dead 
19/02/2024: [DefaultLogger] [Info]: Fine! 
19/02/2024: [DefaultLogger] [Info]: Info 16688 
19/02/2024: [DefaultLogger] [Info]: Info 16688 535 avxc c 
19/02/2024: [DefaultLogger] [Warning]: Debug!! 
19/02/2024: [DefaultLogger] [Critical]: Dead 
19/02/2024: [DefaultLogger] [Info]: Fine! 
19/02/2024: [DefaultLogger] [Info]: Info 24364 
19/02/2024: [DefaultLogger] [Info]: Info 24364 535 avxc c 
19/02/2024: [DefaultLogger] [Warning]: Debug!! 
19/02/2024: [DefaultLogger] [Critical]: Dead 
19/02/2024: [DefaultLogger] [Info]: Fine! 
19/02/2024: [DefaultLogger] [Info]: Info 25192 
19/02/2024: [DefaultLogger] [Info]: Info 25192 535 avxc c 
19/02/2024: [DefaultLogger] [Warning]: Debug!! 
19/02/2024: [DefaultLogger] [Critical]: Dead 
19/02/2024: [DefaultLogger] [Info]: Fine! 
19/02/2024: [DefaultLogger] [Info]: Info 12528 
19/02/2024: [DefaultLogger] [Info]: Info 12528 535 avxc c 
19/02/2024: [DefaultLogger] [Warning]: Debug!! 
19/02/2024: [DefaultLogger] [Critical]: Dead 
19/02/2024: [DefaultLogger] [Info]: Fine! 
19/02/2024: [DefaultLogger] [Info]: Info 18024 
19/02/2024: [DefaultLogger] [Info]: Info 18024 535 avxc c 
19/02/2024: [DefaultLogger] [Warning]: Debug!! 
19/02/2024: [DefaultLogger] [Critical]: Dead 
19/02/2024: [DefaultLogger] [Info]: Fine! 
19/02/2024: [DefaultLogger] [Info]: Info 9268 
19/02/2024: [DefaultLogger] [Info]: Info 9268 535 avxc c 
20/02/2024: [DefaultLogger] [Warning]: Debug!! 
20/02/2024: [DefaultLogger] [Critical]: Dead 
20/02/2024: [DefaultLogger] [Info]: Fine! 
20/02/2024: [DefaultLogger] [Info]: Info 16552 
20/02/2024: [DefaultLogger] [Info]: Info 16552 535 avxc c 
