19/02/2024: [Error]: Stop! 
19/02/2024: [Warning]: Carefull! 
19/02/2024: [Critical]: Dead 
19/02/2024: [Info]: Fine! 
19/02/2024: [Info]: Hello 2342 2 3 3 535 
19/02/2024: [Info]: Hello 2342 2 3 3 535 avxc c 
19/02/2024: [Warning]: Carefull! 
19/02/2024: [Debug]: Debug 
19/02/2024: [Warning]: Carefull! 
19/02/2024: [Error]: Stop! 
19/02/2024: [Warning]: Carefull! 
19/02/2024: [Critical]: Dead 
19/02/2024: [Info]: Fine! 
19/02/2024: [Info]: Hello 2342 2 3 3 535 
19/02/2024: [Info]: Hello 2342 2 3 3 535 avxc c 
19/02/2024: [Warning]: Carefull! 
19/02/2024: [Debug]: Debug 
19/02/2024: [Warning]: Carefull! 
19/02/2024: [Error]: Stop! 
19/02/2024: [Warning]: Carefull! 
19/02/2024: [Critical]: Dead 
19/02/2024: [Info]: Fine! 
19/02/2024: [Info]: Hello 2342 2 3 3 535 
19/02/2024: [Info]: Hello 2342 2 3 3 535 avxc c 
19/02/2024: [Warning]: Carefull! 
19/02/2024: [Debug]: Debug 
19/02/2024: [Warning]: Carefull! 
19/02/2024: [Error]: Stop! 
19/02/2024: [Warning]: Carefull! 
19/02/2024: [Critical]: Dead 
19/02/2024: [Info]: Fine! 
19/02/2024: [Info]: Hello 2342 2 3 3 535 
19/02/2024: [Info]: Hello 2342 2 3 3 535 avxc c 
19/02/2024: [Warning]: Carefull! 
19/02/2024: [Debug]: Debug 
19/02/2024: [Warning]: Carefull! 
